<?xml version="1.0" encoding="UTF-8"?>
<!-- Generated by org.testng.reporters.JUnitReportReporter -->
<testsuite hostname="NACTS-081729" name="automationFramework.TestCases.CreateCustomerTest" tests="10" failures="0" timestamp="6 Jul 2016 19:50:50 GMT" time="257.862" errors="0">
  <testcase name="createCustomerEmailMissing" time="18.862" classname="automationFramework.TestCases.CreateCustomerTest"/>
  <testcase name="createCustomerInvalidPhone" time="18.973" classname="automationFramework.TestCases.CreateCustomerTest"/>
  <testcase name="createCustomerInvalidEmail" time="30.218" classname="automationFramework.TestCases.CreateCustomerTest"/>
  <testcase name="createCustomerCancel" time="21.277" classname="automationFramework.TestCases.CreateCustomerTest"/>
  <testcase name="createCustomerInvalidPin" time="32.183" classname="automationFramework.TestCases.CreateCustomerTest"/>
  <testcase name="createCustomerFundingInvalidCC" time="30.097" classname="automationFramework.TestCases.CreateCustomerTest"/>
  <testcase name="createNewCustomer" time="34.755" classname="automationFramework.TestCases.CreateCustomerTest"/>
  <testcase name="createCustomerNameMissing" time="16.464" classname="automationFramework.TestCases.CreateCustomerTest"/>
  <testcase name="createCustomerInvalidUserName" time="24.271" classname="automationFramework.TestCases.CreateCustomerTest"/>
  <testcase name="createCustomerContactTypeNotSelected" time="30.762" classname="automationFramework.TestCases.CreateCustomerTest"/>
</testsuite> <!-- automationFramework.TestCases.CreateCustomerTest -->
