<?xml version="1.0" encoding="UTF-8"?>
<!-- Generated by org.testng.reporters.JUnitReportReporter -->
<testsuite hostname="NACTS-081729" name="automationFramework.TestCases.CreateCustomerDBTest" tests="1" failures="0" timestamp="20 Jul 2016 21:37:11 GMT" time="68.790" errors="0">
  <testcase name="createNewCustomerDB" time="68.790" classname="automationFramework.TestCases.CreateCustomerDBTest"/>
</testsuite> <!-- automationFramework.TestCases.CreateCustomerDBTest -->
