<?xml version="1.0" encoding="UTF-8"?>
<!-- Generated by org.testng.reporters.JUnitReportReporter -->
<testsuite hostname="NACTS-081729" name="automationFramework.TestCases.CreateFundingTest" tests="6" failures="0" timestamp="18 Jul 2016 23:56:01 GMT" time="280.409" errors="0">
  <testcase name="createFundingSourceCancel" time="33.849" classname="automationFramework.TestCases.CreateFundingTest"/>
  <testcase name="createFundingSource" time="58.389" classname="automationFramework.TestCases.CreateFundingTest"/>
  <testcase name="createFundingSourceTypeNotSelected" time="37.630" classname="automationFramework.TestCases.CreateFundingTest"/>
  <testcase name="createFundingSourceNewBillingAddress" time="72.600" classname="automationFramework.TestCases.CreateFundingTest"/>
  <testcase name="createCustomerInvalidEmail" time="40.862" classname="automationFramework.TestCases.CreateFundingTest"/>
  <testcase name="createCustomerFundingInvalidCC" time="37.079" classname="automationFramework.TestCases.CreateFundingTest"/>
</testsuite> <!-- automationFramework.TestCases.CreateFundingTest -->
