<?xml version="1.0" encoding="UTF-8"?>
<!-- Generated by org.testng.reporters.JUnitReportReporter -->
<testsuite hostname="NACTS-081729" name="automationFramework.TestCases.LinkAccountTest" tests="3" failures="0" timestamp="6 Jul 2016 19:50:50 GMT" time="91.625" errors="0">
  <testcase name="linkAccountCardExpirationMissingTest" time="27.447" classname="automationFramework.TestCases.LinkAccountTest"/>
  <testcase name="linkAccountBankNumberMissingTest" time="32.005" classname="automationFramework.TestCases.LinkAccountTest"/>
  <testcase name="linkAccountCancelTest" time="32.173" classname="automationFramework.TestCases.LinkAccountTest"/>
</testsuite> <!-- automationFramework.TestCases.LinkAccountTest -->
