<?xml version="1.0" encoding="UTF-8"?>
<!-- Generated by org.testng.reporters.JUnitReportReporter -->
<testsuite hostname="NACTS-081729" name="automationFramework.TestCases.CreateOrderTest" tests="2" failures="0" timestamp="6 Jul 2016 19:50:50 GMT" time="104.535" errors="0">
  <testcase name="createOrderCancel" time="48.396" classname="automationFramework.TestCases.CreateOrderTest"/>
  <testcase name="createOrderSubmit" time="56.139" classname="automationFramework.TestCases.CreateOrderTest"/>
</testsuite> <!-- automationFramework.TestCases.CreateOrderTest -->
