<?xml version="1.0" encoding="UTF-8"?>
<!-- Generated by org.testng.reporters.JUnitReportReporter -->
<testsuite hostname="NACTS-081729" name="automationFramework.TestCases.CreateCustomerTest" tests="10" failures="0" timestamp="18 Jul 2016 23:56:01 GMT" time="342.882" errors="0">
  <testcase name="createCustomerEmailMissing" time="24.212" classname="automationFramework.TestCases.CreateCustomerTest"/>
  <testcase name="createCustomerInvalidPhone" time="29.674" classname="automationFramework.TestCases.CreateCustomerTest"/>
  <testcase name="createCustomerInvalidEmail" time="42.233" classname="automationFramework.TestCases.CreateCustomerTest"/>
  <testcase name="createCustomerCancel" time="35.165" classname="automationFramework.TestCases.CreateCustomerTest"/>
  <testcase name="createCustomerInvalidPin" time="38.797" classname="automationFramework.TestCases.CreateCustomerTest"/>
  <testcase name="createCustomerFundingInvalidCC" time="43.923" classname="automationFramework.TestCases.CreateCustomerTest"/>
  <testcase name="createNewCustomer" time="49.556" classname="automationFramework.TestCases.CreateCustomerTest"/>
  <testcase name="createCustomerNameMissing" time="21.709" classname="automationFramework.TestCases.CreateCustomerTest"/>
  <testcase name="createCustomerInvalidUserName" time="27.063" classname="automationFramework.TestCases.CreateCustomerTest"/>
  <testcase name="createCustomerContactTypeNotSelected" time="30.550" classname="automationFramework.TestCases.CreateCustomerTest"/>
</testsuite> <!-- automationFramework.TestCases.CreateCustomerTest -->
