<?xml version="1.0" encoding="UTF-8"?>
<!-- Generated by org.testng.reporters.JUnitReportReporter -->
<testsuite hostname="NACTS-081729" name="automationFramework.TestCases.TravelHistoryTest" tests="1" failures="0" timestamp="6 Jul 2016 19:50:50 GMT" time="25.770" errors="0">
  <testcase name="checkTravelHistory" time="25.770" classname="automationFramework.TestCases.TravelHistoryTest"/>
</testsuite> <!-- automationFramework.TestCases.TravelHistoryTest -->
