<?xml version="1.0" encoding="UTF-8"?>
<!-- Generated by org.testng.reporters.JUnitReportReporter -->
<testsuite hostname="NACTS-081729" name="automationFramework.TestCases.BalanceHistoryTest" tests="2" failures="0" timestamp="6 Jul 2016 19:50:50 GMT" time="61.362" errors="0">
  <testcase name="checkBalanceHistoryDetail" time="35.330" classname="automationFramework.TestCases.BalanceHistoryTest"/>
  <testcase name="checkBalanceHistory" time="26.032" classname="automationFramework.TestCases.BalanceHistoryTest"/>
</testsuite> <!-- automationFramework.TestCases.BalanceHistoryTest -->
